<?xml version="1.0" encoding="utf-8"?><testsuites name="pytest tests"><testsuite name="pytest" errors="0" failures="0" skipped="0" tests="11" time="8.812" timestamp="2026-05-08T05:37:30.725127+00:00" hostname="agent-env-e659808d-7e96-4853-ab88-87d6a195ab33"><testcase classname="tests.test_medicare_api.TestHealthCheck" name="test_health_endpoint" time="0.249" /><testcase classname="tests.test_medicare_api.TestDoctors" name="test_get_all_doctors" time="0.140" /><testcase classname="tests.test_medicare_api.TestDoctors" name="test_get_doctors_by_specialization" time="0.110" /><testcase classname="tests.test_medicare_api.TestDoctors" name="test_get_doctor_by_id" time="0.185" /><testcase classname="tests.test_medicare_api.TestChatbot" name="test_chat_simple_symptom" time="2.138" /><testcase classname="tests.test_medicare_api.TestChatbot" name="test_chat_with_conversation_id" time="4.091" /><testcase classname="tests.test_medicare_api.TestEmergency" name="test_create_manual_emergency_alert" time="0.124" /><testcase classname="tests.test_medicare_api.TestEmergency" name="test_get_active_alerts" time="0.155" /><testcase classname="tests.test_medicare_api.TestAppointments" name="test_create_chat_appointment" time="0.156" /><testcase classname="tests.test_medicare_api.TestAppointments" name="test_create_video_appointment" time="0.182" /><testcase classname="tests.test_medicare_api.TestConversations" name="test_get_conversation_by_id" time="1.184" /></testsuite></testsuites>